0 info it worked if it ends with ok
1 verbose cli [ '/home/ubuntu/.nvm/v0.10.33/bin/node',
1 verbose cli   '/home/ubuntu/.nvm/v0.10.33/bin/npm',
1 verbose cli   'install',
1 verbose cli   'es6to5',
1 verbose cli   '--save-dev' ]
2 info using npm@1.4.28
3 info using node@v0.10.33
4 warn package.json msDashboard@0.0.1 No repository field.
5 warn package.json path@0.11.14 path is also the name of a node core module.
6 verbose readDependencies using package.json deps
7 verbose cache add [ 'es6to5', null ]
8 verbose cache add name=undefined spec="es6to5" args=["es6to5",null]
9 verbose parsed url { protocol: null,
9 verbose parsed url   slashes: null,
9 verbose parsed url   auth: null,
9 verbose parsed url   host: null,
9 verbose parsed url   port: null,
9 verbose parsed url   hostname: null,
9 verbose parsed url   hash: null,
9 verbose parsed url   search: null,
9 verbose parsed url   query: null,
9 verbose parsed url   pathname: 'es6to5',
9 verbose parsed url   path: 'es6to5',
9 verbose parsed url   href: 'es6to5' }
10 silly lockFile 2aa74971-es6to5 es6to5
11 verbose lock es6to5 /home/ubuntu/.npm/2aa74971-es6to5.lock
12 silly lockFile 2aa74971-es6to5 es6to5
13 silly lockFile 2aa74971-es6to5 es6to5
14 verbose addNamed [ 'es6to5', '' ]
15 verbose addNamed [ null, '*' ]
16 silly lockFile fb42c71a-es6to5 es6to5@
17 verbose lock es6to5@ /home/ubuntu/.npm/fb42c71a-es6to5.lock
18 silly addNameRange { name: 'es6to5', range: '*', hasData: false }
19 verbose request where is /es6to5
20 verbose request registry https://registry.npmjs.org/
21 verbose request id 1567d721c6a72d8a
22 verbose url raw /es6to5
23 verbose url resolving [ 'https://registry.npmjs.org/', './es6to5' ]
24 verbose url resolved https://registry.npmjs.org/es6to5
25 verbose request where is https://registry.npmjs.org/es6to5
26 info trying registry request attempt 1 at 12:35:25
27 http GET https://registry.npmjs.org/es6to5
28 http 404 https://registry.npmjs.org/es6to5
29 verbose headers { date: 'Sun, 29 Mar 2015 12:35:25 GMT',
29 verbose headers   server: 'CouchDB/1.5.0 (Erlang OTP/R16B03)',
29 verbose headers   'content-type': 'application/json',
29 verbose headers   'cache-control': 'max-age=0',
29 verbose headers   'content-length': '51',
29 verbose headers   'accept-ranges': 'bytes',
29 verbose headers   via: '1.1 varnish',
29 verbose headers   age: '0',
29 verbose headers   'x-served-by': 'cache-lcy1125-LCY',
29 verbose headers   'x-cache': 'MISS',
29 verbose headers   'x-cache-hits': '0',
29 verbose headers   'x-timer': 'S1427632525.134521,VS0,VE353',
29 verbose headers   'keep-alive': 'timeout=10, max=50',
29 verbose headers   connection: 'Keep-Alive' }
30 silly registry.get cb [ 404,
30 silly registry.get   { date: 'Sun, 29 Mar 2015 12:35:25 GMT',
30 silly registry.get     server: 'CouchDB/1.5.0 (Erlang OTP/R16B03)',
30 silly registry.get     'content-type': 'application/json',
30 silly registry.get     'cache-control': 'max-age=0',
30 silly registry.get     'content-length': '51',
30 silly registry.get     'accept-ranges': 'bytes',
30 silly registry.get     via: '1.1 varnish',
30 silly registry.get     age: '0',
30 silly registry.get     'x-served-by': 'cache-lcy1125-LCY',
30 silly registry.get     'x-cache': 'MISS',
30 silly registry.get     'x-cache-hits': '0',
30 silly registry.get     'x-timer': 'S1427632525.134521,VS0,VE353',
30 silly registry.get     'keep-alive': 'timeout=10, max=50',
30 silly registry.get     connection: 'Keep-Alive' } ]
31 silly lockFile fb42c71a-es6to5 es6to5@
32 silly lockFile fb42c71a-es6to5 es6to5@
33 error 404 404 Not Found: es6to5
33 error 404
33 error 404 'es6to5' is not in the npm registry.
33 error 404 You should bug the author to publish it
33 error 404 It was specified as a dependency of 'msDashboard'
33 error 404
33 error 404 Note that you can also install from a
33 error 404 tarball, folder, or http url, or git url.
34 error System Linux 3.14.13-c9
35 error command "/home/ubuntu/.nvm/v0.10.33/bin/node" "/home/ubuntu/.nvm/v0.10.33/bin/npm" "install" "es6to5" "--save-dev"
36 error cwd /home/ubuntu/workspace
37 error node -v v0.10.33
38 error npm -v 1.4.28
39 error code E404
40 verbose exit [ 1, true ]
